app/build/intermediates/manifest_merge_blame_file/debug/manifest-merger-blame-debug-report.txt
1<?xml version="1.0" encoding="utf-8"?>
2<manifest xmlns:android="http://schemas.android.com/apk/res/android"
3    package="com.belajar.hotelapp"
4    android:versionCode="1"
5    android:versionName="1.0" >
6
7    <uses-sdk
8        android:minSdkVersion="16"
8-->src\main\AndroidManifest.xml
9        android:targetSdkVersion="29" />
9-->src\main\AndroidManifest.xml
10
11    <uses-permission android:name="android.permission.INTERNET" />
11-->src\main\AndroidManifest.xml:5:5-67
11-->src\main\AndroidManifest.xml:5:22-64
12
13    <!-- Although the *SdkVersion is captured in gradle build files, this is required for non gradle builds -->
14    <!-- <uses-sdk android:minSdkVersion="14" /> -->
15    <uses-permission android:name="android.permission.ACCESS_NETWORK_STATE" />
15-->[com.google.firebase:firebase-firestore:21.4.3] AndroidManifest.xml:13:5-79
15-->[com.google.firebase:firebase-firestore:21.4.3] AndroidManifest.xml:13:22-76
16    <uses-permission android:name="android.permission.WAKE_LOCK" /> <!-- Required by older versions of Google Play services to create IID tokens -->
16-->[com.google.android.gms:play-services-measurement-api:17.4.3] AndroidManifest.xml:24:5-68
16-->[com.google.android.gms:play-services-measurement-api:17.4.3] AndroidManifest.xml:24:22-65
17    <uses-permission android:name="com.google.android.c2dm.permission.RECEIVE" />
17-->[com.google.firebase:firebase-iid:20.1.5] AndroidManifest.xml:26:5-82
17-->[com.google.firebase:firebase-iid:20.1.5] AndroidManifest.xml:26:22-79
18    <uses-permission android:name="com.google.android.finsky.permission.BIND_GET_INSTALL_REFERRER_SERVICE" />
18-->[com.google.android.gms:play-services-measurement:17.4.3] AndroidManifest.xml:26:5-110
18-->[com.google.android.gms:play-services-measurement:17.4.3] AndroidManifest.xml:26:22-107
19
20    <application
20-->src\main\AndroidManifest.xml:7:5-33:19
21        android:name="androidx.multidex.MultiDexApplication"
22        android:allowBackup="true"
22-->src\main\AndroidManifest.xml:8:9-35
23        android:appComponentFactory="androidx.core.app.CoreComponentFactory"
23-->[androidx.core:core:1.3.0-alpha02] AndroidManifest.xml:24:18-86
24        android:debuggable="true"
25        android:icon="@mipmap/ic_launcher"
25-->src\main\AndroidManifest.xml:9:9-43
26        android:label="@string/app_name"
26-->src\main\AndroidManifest.xml:10:9-41
27        android:roundIcon="@mipmap/ic_launcher_round"
27-->src\main\AndroidManifest.xml:11:9-54
28        android:supportsRtl="true"
28-->src\main\AndroidManifest.xml:12:9-35
29        android:testOnly="true"
30        android:theme="@style/AppTheme.NoActionBar" >
30-->src\main\AndroidManifest.xml:13:9-52
31        <activity android:name="com.belajar.hotelapp.TiketDetail" />
31-->src\main\AndroidManifest.xml:14:9-58
31-->src\main\AndroidManifest.xml:14:19-46
32        <activity android:name="com.belajar.hotelapp.DaftarTiket" />
32-->src\main\AndroidManifest.xml:15:9-49
32-->src\main\AndroidManifest.xml:15:19-46
33        <activity android:name="com.belajar.hotelapp.ConfirmBooking" />
33-->src\main\AndroidManifest.xml:16:9-52
33-->src\main\AndroidManifest.xml:16:19-49
34        <activity android:name="com.belajar.hotelapp.Booking" />
34-->src\main\AndroidManifest.xml:17:9-45
34-->src\main\AndroidManifest.xml:17:19-42
35        <activity android:name="com.belajar.hotelapp.Profile" />
35-->src\main\AndroidManifest.xml:18:9-45
35-->src\main\AndroidManifest.xml:18:19-42
36        <activity android:name="com.belajar.hotelapp.EditProfile" />
36-->src\main\AndroidManifest.xml:19:9-49
36-->src\main\AndroidManifest.xml:19:19-46
37        <activity android:name="com.belajar.hotelapp.Register" />
37-->src\main\AndroidManifest.xml:20:9-46
37-->src\main\AndroidManifest.xml:20:19-43
38        <activity android:name="com.belajar.hotelapp.Login" >
38-->src\main\AndroidManifest.xml:21:9-27:20
38-->src\main\AndroidManifest.xml:21:19-40
39            <intent-filter>
39-->src\main\AndroidManifest.xml:22:13-26:29
40                <action android:name="android.intent.action.MAIN" />
40-->src\main\AndroidManifest.xml:23:17-69
40-->src\main\AndroidManifest.xml:23:25-66
41
42                <category android:name="android.intent.category.LAUNCHER" />
42-->src\main\AndroidManifest.xml:25:17-77
42-->src\main\AndroidManifest.xml:25:27-74
43            </intent-filter>
44        </activity>
45        <activity android:name="com.belajar.hotelapp.MainActivity" />
45-->src\main\AndroidManifest.xml:28:9-50
45-->src\main\AndroidManifest.xml:28:19-47
46
47        <meta-data
47-->src\main\AndroidManifest.xml:30:9-32:57
48            android:name="preloaded_fonts"
48-->src\main\AndroidManifest.xml:31:13-43
49            android:resource="@array/preloaded_fonts" />
49-->src\main\AndroidManifest.xml:32:13-54
50
51        <service
51-->[com.google.firebase:firebase-firestore:21.4.3] AndroidManifest.xml:17:9-23:19
52            android:name="com.google.firebase.components.ComponentDiscoveryService"
52-->[com.google.firebase:firebase-firestore:21.4.3] AndroidManifest.xml:18:13-84
53            android:directBootAware="true"
53-->[com.google.firebase:firebase-common:19.3.0] AndroidManifest.xml:34:13-43
54            android:exported="false" >
54-->[com.google.firebase:firebase-firestore:21.4.3] AndroidManifest.xml:19:13-37
55            <meta-data
55-->[com.google.firebase:firebase-firestore:21.4.3] AndroidManifest.xml:20:13-22:85
56                android:name="com.google.firebase.components:com.google.firebase.firestore.FirestoreRegistrar"
56-->[com.google.firebase:firebase-firestore:21.4.3] AndroidManifest.xml:21:17-111
57                android:value="com.google.firebase.components.ComponentRegistrar" />
57-->[com.google.firebase:firebase-firestore:21.4.3] AndroidManifest.xml:22:17-82
58            <meta-data
58-->[com.google.firebase:firebase-storage:19.1.1] AndroidManifest.xml:33:13-35:85
59                android:name="com.google.firebase.components:com.google.firebase.storage.StorageRegistrar"
59-->[com.google.firebase:firebase-storage:19.1.1] AndroidManifest.xml:34:17-107
60                android:value="com.google.firebase.components.ComponentRegistrar" />
60-->[com.google.firebase:firebase-storage:19.1.1] AndroidManifest.xml:35:17-82
61            <meta-data
61-->[com.google.firebase:firebase-auth:19.3.1] AndroidManifest.xml:36:13-38:85
62                android:name="com.google.firebase.components:com.google.firebase.auth.FirebaseAuthRegistrar"
62-->[com.google.firebase:firebase-auth:19.3.1] AndroidManifest.xml:37:17-109
63                android:value="com.google.firebase.components.ComponentRegistrar" />
63-->[com.google.firebase:firebase-auth:19.3.1] AndroidManifest.xml:38:17-82
64            <meta-data
64-->[com.google.android.gms:play-services-measurement-api:17.4.3] AndroidManifest.xml:30:13-32:85
65                android:name="com.google.firebase.components:com.google.firebase.analytics.connector.internal.AnalyticsConnectorRegistrar"
65-->[com.google.android.gms:play-services-measurement-api:17.4.3] AndroidManifest.xml:31:17-139
66                android:value="com.google.firebase.components.ComponentRegistrar" />
66-->[com.google.android.gms:play-services-measurement-api:17.4.3] AndroidManifest.xml:32:17-82
67            <meta-data
67-->[com.google.firebase:firebase-iid:20.1.5] AndroidManifest.xml:32:13-34:85
68                android:name="com.google.firebase.components:com.google.firebase.iid.Registrar"
68-->[com.google.firebase:firebase-iid:20.1.5] AndroidManifest.xml:33:17-96
69                android:value="com.google.firebase.components.ComponentRegistrar" />
69-->[com.google.firebase:firebase-iid:20.1.5] AndroidManifest.xml:34:17-82
70            <meta-data
70-->[com.google.firebase:firebase-installations:16.2.1] AndroidManifest.xml:17:13-19:85
71                android:name="com.google.firebase.components:com.google.firebase.installations.FirebaseInstallationsRegistrar"
71-->[com.google.firebase:firebase-installations:16.2.1] AndroidManifest.xml:18:17-127
72                android:value="com.google.firebase.components.ComponentRegistrar" />
72-->[com.google.firebase:firebase-installations:16.2.1] AndroidManifest.xml:19:17-82
73        </service>
74
75        <activity
75-->[com.google.firebase:firebase-auth:19.3.1] AndroidManifest.xml:24:9-31:50
76            android:name="com.google.firebase.auth.internal.FederatedSignInActivity"
76-->[com.google.firebase:firebase-auth:19.3.1] AndroidManifest.xml:25:13-85
77            android:excludeFromRecents="true"
77-->[com.google.firebase:firebase-auth:19.3.1] AndroidManifest.xml:26:13-46
78            android:exported="true"
78-->[com.google.firebase:firebase-auth:19.3.1] AndroidManifest.xml:27:13-36
79            android:launchMode="singleTask"
79-->[com.google.firebase:firebase-auth:19.3.1] AndroidManifest.xml:28:13-44
80            android:permission="com.google.firebase.auth.api.gms.permission.LAUNCH_FEDERATED_SIGN_IN"
80-->[com.google.firebase:firebase-auth:19.3.1] AndroidManifest.xml:29:13-102
81            android:theme="@android:style/Theme.Translucent.NoTitleBar" />
81-->[com.google.firebase:firebase-auth:19.3.1] AndroidManifest.xml:30:13-72
82        <activity
82-->[com.google.android.gms:play-services-auth:18.0.0] AndroidManifest.xml:23:9-27:75
83            android:name="com.google.android.gms.auth.api.signin.internal.SignInHubActivity"
83-->[com.google.android.gms:play-services-auth:18.0.0] AndroidManifest.xml:24:13-93
84            android:excludeFromRecents="true"
84-->[com.google.android.gms:play-services-auth:18.0.0] AndroidManifest.xml:25:13-46
85            android:exported="false"
85-->[com.google.android.gms:play-services-auth:18.0.0] AndroidManifest.xml:26:13-37
86            android:theme="@android:style/Theme.Translucent.NoTitleBar" />
86-->[com.google.android.gms:play-services-auth:18.0.0] AndroidManifest.xml:27:13-72
87        <!--
88            Service handling Google Sign-In user revocation. For apps that do not integrate with
89            Google Sign-In, this service will never be started.
90        -->
91        <service
91-->[com.google.android.gms:play-services-auth:18.0.0] AndroidManifest.xml:33:9-36:110
92            android:name="com.google.android.gms.auth.api.signin.RevocationBoundService"
92-->[com.google.android.gms:play-services-auth:18.0.0] AndroidManifest.xml:34:13-89
93            android:exported="true"
93-->[com.google.android.gms:play-services-auth:18.0.0] AndroidManifest.xml:35:13-36
94            android:permission="com.google.android.gms.auth.api.signin.permission.REVOCATION_NOTIFICATION" />
94-->[com.google.android.gms:play-services-auth:18.0.0] AndroidManifest.xml:36:13-107
95
96        <provider
96-->[com.squareup.picasso:picasso:2.71828] AndroidManifest.xml:8:9-11:40
97            android:name="com.squareup.picasso.PicassoProvider"
97-->[com.squareup.picasso:picasso:2.71828] AndroidManifest.xml:9:13-64
98            android:authorities="com.belajar.hotelapp.com.squareup.picasso"
98-->[com.squareup.picasso:picasso:2.71828] AndroidManifest.xml:10:13-72
99            android:exported="false" />
99-->[com.squareup.picasso:picasso:2.71828] AndroidManifest.xml:11:13-37
100
101        <receiver
101-->[com.google.firebase:firebase-iid:20.1.5] AndroidManifest.xml:37:9-44:20
102            android:name="com.google.firebase.iid.FirebaseInstanceIdReceiver"
102-->[com.google.firebase:firebase-iid:20.1.5] AndroidManifest.xml:38:13-78
103            android:exported="true"
103-->[com.google.firebase:firebase-iid:20.1.5] AndroidManifest.xml:39:13-36
104            android:permission="com.google.android.c2dm.permission.SEND" >
104-->[com.google.firebase:firebase-iid:20.1.5] AndroidManifest.xml:40:13-73
105            <intent-filter>
105-->[com.google.firebase:firebase-iid:20.1.5] AndroidManifest.xml:41:13-43:29
106                <action android:name="com.google.android.c2dm.intent.RECEIVE" />
106-->[com.google.firebase:firebase-iid:20.1.5] AndroidManifest.xml:42:17-81
106-->[com.google.firebase:firebase-iid:20.1.5] AndroidManifest.xml:42:25-78
107            </intent-filter>
108        </receiver>
109
110        <activity
110-->[com.google.android.gms:play-services-base:17.1.0] AndroidManifest.xml:23:9-26:75
111            android:name="com.google.android.gms.common.api.GoogleApiActivity"
111-->[com.google.android.gms:play-services-base:17.1.0] AndroidManifest.xml:24:13-79
112            android:exported="false"
112-->[com.google.android.gms:play-services-base:17.1.0] AndroidManifest.xml:25:13-37
113            android:theme="@android:style/Theme.Translucent.NoTitleBar" />
113-->[com.google.android.gms:play-services-base:17.1.0] AndroidManifest.xml:26:13-72
114
115        <provider
115-->[com.google.firebase:firebase-common:19.3.0] AndroidManifest.xml:26:9-30:39
116            android:name="com.google.firebase.provider.FirebaseInitProvider"
116-->[com.google.firebase:firebase-common:19.3.0] AndroidManifest.xml:27:13-77
117            android:authorities="com.belajar.hotelapp.firebaseinitprovider"
117-->[com.google.firebase:firebase-common:19.3.0] AndroidManifest.xml:28:13-72
118            android:exported="false"
118-->[com.google.firebase:firebase-common:19.3.0] AndroidManifest.xml:29:13-37
119            android:initOrder="100" />
119-->[com.google.firebase:firebase-common:19.3.0] AndroidManifest.xml:30:13-36
120
121        <receiver
121-->[com.google.android.gms:play-services-measurement:17.4.3] AndroidManifest.xml:29:9-33:20
122            android:name="com.google.android.gms.measurement.AppMeasurementReceiver"
122-->[com.google.android.gms:play-services-measurement:17.4.3] AndroidManifest.xml:30:13-85
123            android:enabled="true"
123-->[com.google.android.gms:play-services-measurement:17.4.3] AndroidManifest.xml:31:13-35
124            android:exported="false" >
124-->[com.google.android.gms:play-services-measurement:17.4.3] AndroidManifest.xml:32:13-37
125        </receiver>
126
127        <service
127-->[com.google.android.gms:play-services-measurement:17.4.3] AndroidManifest.xml:35:9-38:40
128            android:name="com.google.android.gms.measurement.AppMeasurementService"
128-->[com.google.android.gms:play-services-measurement:17.4.3] AndroidManifest.xml:36:13-84
129            android:enabled="true"
129-->[com.google.android.gms:play-services-measurement:17.4.3] AndroidManifest.xml:37:13-35
130            android:exported="false" />
130-->[com.google.android.gms:play-services-measurement:17.4.3] AndroidManifest.xml:38:13-37
131        <service
131-->[com.google.android.gms:play-services-measurement:17.4.3] AndroidManifest.xml:39:9-43:72
132            android:name="com.google.android.gms.measurement.AppMeasurementJobService"
132-->[com.google.android.gms:play-services-measurement:17.4.3] AndroidManifest.xml:40:13-87
133            android:enabled="true"
133-->[com.google.android.gms:play-services-measurement:17.4.3] AndroidManifest.xml:41:13-35
134            android:exported="false"
134-->[com.google.android.gms:play-services-measurement:17.4.3] AndroidManifest.xml:42:13-37
135            android:permission="android.permission.BIND_JOB_SERVICE" />
135-->[com.google.android.gms:play-services-measurement:17.4.3] AndroidManifest.xml:43:13-69
136
137        <meta-data
137-->[com.google.android.gms:play-services-basement:17.1.1] AndroidManifest.xml:23:9-25:69
138            android:name="com.google.android.gms.version"
138-->[com.google.android.gms:play-services-basement:17.1.1] AndroidManifest.xml:24:13-58
139            android:value="@integer/google_play_services_version" />
139-->[com.google.android.gms:play-services-basement:17.1.1] AndroidManifest.xml:25:13-66
140    </application>
141
142</manifest>